
> uti-alerts-service@1.0.0 start
> node src/index.js

=== Serviço de Alertas - UTI (NEWS2 + Observer) ===

[MONGO] Conectado.
[OBS] logger inscrito.
[OBS] websocket inscrito (porta 8081).
[MQTT] Conectando em mqtt://localhost:1883...
[MQTT] Conectado.
[MQTT] Assinou 'hospital/uti/+/+'.
[ALERTAS] avaliado sem alerta: baixo score 0 PAC-970e84
[ALERTAS] avaliado sem alerta: baixo score 0 PAC-970e84
[ALERTAS] avaliado sem alerta: baixo score 0 PAC-970e84
[ALERTAS] avaliado sem alerta: baixo score 0 PAC-6428c0
[ALERTAS] avaliado sem alerta: baixo score 0 PAC-970e84
[ALERTAS] avaliado sem alerta: baixo score 0 PAC-970e84
[ALERTAS] avaliado sem alerta: baixo score 0 PAC-6428c0
[ALERTAS] avaliado sem alerta: baixo score 0 PAC-6428c0
[ALERTAS] avaliado sem alerta: baixo score 0 PAC-6428c0
[ALERTAS] avaliado sem alerta: baixo score 0 PAC-b8dcd9
[ALERTAS] avaliado sem alerta: baixo score 0 PAC-6428c0
[ALERTAS] avaliado sem alerta: baixo score 0 PAC-970e84
[ALERTAS] avaliado sem alerta: baixo score 0 PAC-b8dcd9
[ALERTAS] avaliado sem alerta: baixo score 0 PAC-b8dcd9
[ALERTAS] avaliado sem alerta: baixo score 0 PAC-b8dcd9
[ALERTAS] avaliado sem alerta: baixo score 1 PAC-7a93b8
[ALERTAS] avaliado sem alerta: baixo score 0 PAC-b8dcd9
[ALERTAS] avaliado sem alerta: baixo score 1 PAC-7a93b8
[ALERTAS] avaliado sem alerta: baixo score 1 PAC-7a93b8
[ALERTAS] avaliado sem alerta: baixo score 1 PAC-7a93b8
[ALERTAS] avaliado sem alerta: baixo score 0 PAC-044223
[ALERTAS] avaliado sem alerta: baixo score 0 PAC-044223
[ALERTAS] avaliado sem alerta: baixo score 0 PAC-6428c0
[ALERTAS] avaliado sem alerta: baixo score 1 PAC-7a93b8
[ALERTAS] avaliado sem alerta: baixo score 0 PAC-044223
[ALERTAS] avaliado sem alerta: baixo score 0 PAC-044223
[ALERTAS] avaliado sem alerta: baixo score 0 PAC-044223
[ALERTAS] avaliado sem alerta: baixo score 0 PAC-044223
[ALERTAS] avaliado sem alerta: baixo score 0 PAC-b8dcd9
[ALERTAS] avaliado sem alerta: baixo score 1 PAC-7a93b8
[ALERTAS] avaliado sem alerta: baixo score 0 PAC-970e84
[ALERTAS] avaliado sem alerta: baixo score 0 PAC-970e84
[ALERTAS] avaliado sem alerta: baixo score 0 PAC-970e84
[ALERTAS] avaliado sem alerta: baixo score 0 PAC-970e84
[ALERTAS] avaliado sem alerta: baixo score 0 PAC-6428c0
[ALERTAS] avaliado sem alerta: baixo score 0 PAC-6428c0
[ALERTAS] avaliado sem alerta: baixo score 0 PAC-b8dcd9
[ALERTAS] avaliado sem alerta: baixo score 0 PAC-970e84
[ALERTAS] avaliado sem alerta: baixo score 0 PAC-6428c0
[ALERTAS] avaliado sem alerta: baixo score 0 PAC-6428c0
[ALERTAS] avaliado sem alerta: baixo score 0 PAC-970e84
[ALERTAS] avaliado sem alerta: baixo score 0 PAC-b8dcd9
[ALERTAS] avaliado sem alerta: baixo score 0 PAC-7a93b8
[ALERTAS] avaliado sem alerta: baixo score 0 PAC-7a93b8
[ALERTAS] avaliado sem alerta: baixo score 0 PAC-b8dcd9
[ALERTAS] avaliado sem alerta: baixo score 0 PAC-b8dcd9
[ALERTAS] avaliado sem alerta: baixo score 0 PAC-b8dcd9
[ALERTAS] avaliado sem alerta: baixo score 0 PAC-7a93b8
[ALERTAS] avaliado sem alerta: baixo score 0 PAC-b8dcd9
[ALERTAS] avaliado sem alerta: baixo score 0 PAC-6428c0
[ALERTAS] avaliado sem alerta: baixo score 0 PAC-044223
[ALERTAS] avaliado sem alerta: baixo score 0 PAC-044223
[ALERTAS] avaliado sem alerta: baixo score 0 PAC-7a93b8
[ALERTAS] avaliado sem alerta: baixo score 0 PAC-6428c0
[ALERTAS] avaliado sem alerta: baixo score 0 PAC-044223
[ALERTAS] avaliado sem alerta: baixo score 0 PAC-044223
[ALERTAS] avaliado sem alerta: baixo score 0 PAC-7a93b8
[ALERTAS] avaliado sem alerta: baixo score 0 PAC-044223
[ALERTAS] avaliado sem alerta: baixo score 0 PAC-044223
[ALERTAS] avaliado sem alerta: baixo score 0 PAC-7a93b8
[ALERTAS] avaliado sem alerta: baixo score 0 PAC-970e84
[ALERTAS] avaliado sem alerta: baixo score 0 PAC-970e84
[ALERTAS] avaliado sem alerta: baixo score 0 PAC-970e84
[ALERTAS] avaliado sem alerta: baixo score 0 PAC-970e84
[ALERTAS] avaliado sem alerta: baixo score 0 PAC-6428c0
[ALERTAS] avaliado sem alerta: baixo score 0 PAC-6428c0
[ALERTAS] avaliado sem alerta: baixo score 0 PAC-970e84
[ALERTAS] avaliado sem alerta: baixo score 0 PAC-6428c0
[ALERTAS] avaliado sem alerta: baixo score 0 PAC-970e84
[ALERTAS] avaliado sem alerta: baixo score 0 PAC-6428c0
[ALERTAS] avaliado sem alerta: baixo score 0 PAC-b8dcd9
[ALERTAS] avaliado sem alerta: baixo score 0 PAC-6428c0
[ALERTAS] avaliado sem alerta: baixo score 0 PAC-b8dcd9
[ALERTAS] avaliado sem alerta: baixo score 0 PAC-b8dcd9
[ALERTAS] avaliado sem alerta: baixo score 0 PAC-7a93b8
[ALERTAS] avaliado sem alerta: baixo score 0 PAC-b8dcd9
[ALERTAS] avaliado sem alerta: baixo score 0 PAC-b8dcd9
[ALERTAS] avaliado sem alerta: baixo score 0 PAC-b8dcd9
[ALERTAS] avaliado sem alerta: baixo score 0 PAC-7a93b8
[ALERTAS] avaliado sem alerta: baixo score 0 PAC-6428c0
[ALERTAS] avaliado sem alerta: baixo score 0 PAC-044223
[ALERTAS] avaliado sem alerta: baixo score 0 PAC-7a93b8
[ALERTAS] avaliado sem alerta: baixo score 0 PAC-7a93b8
[ALERTAS] avaliado sem alerta: baixo score 0 PAC-044223
[ALERTAS] avaliado sem alerta: baixo score 0 PAC-7a93b8
[ALERTAS] avaliado sem alerta: baixo score 0 PAC-044223
[ALERTAS] avaliado sem alerta: baixo score 0 PAC-044223
[ALERTAS] avaliado sem alerta: baixo score 0 PAC-7a93b8
[ALERTAS] avaliado sem alerta: baixo score 0 PAC-044223
[ALERTAS] avaliado sem alerta: baixo score 0 PAC-044223
[ALERTAS] avaliado sem alerta: baixo score 0 PAC-970e84
[ALERTAS] avaliado sem alerta: baixo score 1 PAC-970e84
[ALERTAS] avaliado sem alerta: baixo score 0 PAC-6428c0
[ALERTAS] avaliado sem alerta: baixo score 1 PAC-970e84
[ALERTAS] avaliado sem alerta: baixo score 0 PAC-6428c0
[ALERTAS] avaliado sem alerta: baixo score 1 PAC-970e84
[ALERTAS] avaliado sem alerta: baixo score 0 PAC-6428c0
[ALERTAS] avaliado sem alerta: baixo score 1 PAC-970e84
[ALERTAS] avaliado sem alerta: baixo score 0 PAC-b8dcd9
[ALERTAS] avaliado sem alerta: baixo score 0 PAC-b8dcd9
[ALERTAS] avaliado sem alerta: baixo score 0 PAC-6428c0
[ALERTAS] avaliado sem alerta: baixo score 0 PAC-b8dcd9
[ALERTAS] avaliado sem alerta: baixo score 0 PAC-b8dcd9
[ALERTAS] avaliado sem alerta: baixo score 1 PAC-970e84
[ALERTAS] avaliado sem alerta: baixo score 0 PAC-b8dcd9
[ALERTAS] avaliado sem alerta: baixo score 0 PAC-6428c0
[ALERTAS] avaliado sem alerta: baixo score 0 PAC-6428c0
[ALERTAS] avaliado sem alerta: baixo score 0 PAC-044223
[ALERTAS] avaliado sem alerta: baixo score 0 PAC-7a93b8
[ALERTAS] avaliado sem alerta: baixo score 0 PAC-7a93b8
[ALERTAS] avaliado sem alerta: baixo score 0 PAC-7a93b8
[ALERTAS] avaliado sem alerta: baixo score 0 PAC-7a93b8
[ALERTAS] avaliado sem alerta: baixo score 0 PAC-b8dcd9
[ALERTAS] avaliado sem alerta: baixo score 0 PAC-044223
[ALERTAS] avaliado sem alerta: baixo score 0 PAC-7a93b8
[ALERTAS] avaliado sem alerta: baixo score 0 PAC-044223
[ALERTAS] avaliado sem alerta: baixo score 0 PAC-044223
[ALERTAS] avaliado sem alerta: baixo score 0 PAC-7a93b8
[ALERTAS] avaliado sem alerta: baixo score 0 PAC-044223
[ALERTAS] avaliado sem alerta: baixo score 0 PAC-044223
[ALERTAS] avaliado sem alerta: baixo score 0 PAC-970e84
[ALERTAS] avaliado sem alerta: baixo score 0 PAC-970e84
[ALERTAS] avaliado sem alerta: baixo score 0 PAC-970e84
[ALERTAS] avaliado sem alerta: baixo score 1 PAC-6428c0
[ALERTAS] avaliado sem alerta: baixo score 1 PAC-970e84
[ALERTAS] avaliado sem alerta: baixo score 1 PAC-970e84
[ALERTAS] avaliado sem alerta: baixo score 1 PAC-6428c0
[ALERTAS] avaliado sem alerta: baixo score 0 PAC-b8dcd9
[ALERTAS] avaliado sem alerta: baixo score 0 PAC-b8dcd9
[ALERTAS] avaliado sem alerta: baixo score 1 PAC-6428c0
[ALERTAS] avaliado sem alerta: baixo score 1 PAC-6428c0
[ALERTAS] avaliado sem alerta: baixo score 0 PAC-b8dcd9
[ALERTAS] avaliado sem alerta: baixo score 1 PAC-6428c0
[ALERTAS] avaliado sem alerta: baixo score 1 PAC-6428c0
[ALERTAS] avaliado sem alerta: baixo score 1 PAC-970e84
[ALERTAS] avaliado sem alerta: baixo score 0 PAC-b8dcd9
[ALERTAS] avaliado sem alerta: baixo score 0 PAC-b8dcd9
[ALERTAS] avaliado sem alerta: baixo score 0 PAC-044223
[ALERTAS] avaliado sem alerta: baixo score 0 PAC-7a93b8
[ALERTAS] avaliado sem alerta: baixo score 1 PAC-7a93b8
[ALERTAS] avaliado sem alerta: baixo score 0 PAC-044223
[ALERTAS] avaliado sem alerta: baixo score 1 PAC-7a93b8
[ALERTAS] avaliado sem alerta: baixo score 0 PAC-b8dcd9
[ALERTAS] avaliado sem alerta: baixo score 1 PAC-7a93b8
[ALERTAS] avaliado sem alerta: baixo score 1 PAC-7a93b8
[ALERTAS] avaliado sem alerta: baixo score 0 PAC-044223
[ALERTAS] avaliado sem alerta: baixo score 0 PAC-044223
[ALERTAS] avaliado sem alerta: baixo score 1 PAC-7a93b8
[ALERTAS] avaliado sem alerta: baixo score 0 PAC-044223
[ALERTAS] avaliado sem alerta: baixo score 0 PAC-044223
[ALERTAS] avaliado sem alerta: baixo score 1 PAC-970e84
[ALERTAS] avaliado sem alerta: baixo score 1 PAC-970e84
[ALERTAS] avaliado sem alerta: baixo score 0 PAC-970e84
[ALERTAS] avaliado sem alerta: baixo score 0 PAC-6428c0
[ALERTAS] avaliado sem alerta: baixo score 0 PAC-6428c0
[ALERTAS] avaliado sem alerta: baixo score 0 PAC-6428c0
[ALERTAS] avaliado sem alerta: baixo score 0 PAC-b8dcd9
[ALERTAS] avaliado sem alerta: baixo score 0 PAC-b8dcd9
[ALERTAS] avaliado sem alerta: baixo score 0 PAC-b8dcd9
[ALERTAS] avaliado sem alerta: baixo score 0 PAC-b8dcd9
[ALERTAS] avaliado sem alerta: baixo score 0 PAC-6428c0
[ALERTAS] avaliado sem alerta: baixo score 0 PAC-970e84
[ALERTAS] avaliado sem alerta: baixo score 0 PAC-6428c0
[ALERTAS] avaliado sem alerta: baixo score 0 PAC-970e84
[ALERTAS] avaliado sem alerta: baixo score 0 PAC-970e84
[ALERTAS] avaliado sem alerta: baixo score 0 PAC-6428c0
[ALERTAS] avaliado sem alerta: baixo score 0 PAC-b8dcd9
[ALERTAS] avaliado sem alerta: baixo score 0 PAC-044223
[ALERTAS] avaliado sem alerta: baixo score 0 PAC-7a93b8
[ALERTAS] avaliado sem alerta: baixo score 0 PAC-044223
[ALERTAS] avaliado sem alerta: baixo score 0 PAC-7a93b8
[ALERTAS] avaliado sem alerta: baixo score 0 PAC-7a93b8
[ALERTAS] avaliado sem alerta: baixo score 0 PAC-7a93b8
[ALERTAS] avaliado sem alerta: baixo score 0 PAC-7a93b8
[ALERTAS] avaliado sem alerta: baixo score 0 PAC-044223
[ALERTAS] avaliado sem alerta: baixo score 0 PAC-044223
[ALERTAS] avaliado sem alerta: baixo score 0 PAC-7a93b8
[ALERTAS] avaliado sem alerta: baixo score 0 PAC-b8dcd9
[ALERTAS] avaliado sem alerta: baixo score 0 PAC-044223
[ALERTAS] avaliado sem alerta: baixo score 0 PAC-044223
[ALERTAS] avaliado sem alerta: baixo score 0 PAC-970e84
[ALERTAS] avaliado sem alerta: baixo score 1 PAC-6428c0
[ALERTAS] avaliado sem alerta: baixo score 0 PAC-970e84
[ALERTAS] avaliado sem alerta: baixo score 0 PAC-970e84
[ALERTAS] avaliado sem alerta: baixo score 0 PAC-970e84
[ALERTAS] avaliado sem alerta: baixo score 1 PAC-6428c0
[ALERTAS] avaliado sem alerta: baixo score 1 PAC-6428c0
[ALERTAS] avaliado sem alerta: baixo score 1 PAC-6428c0
[ALERTAS] avaliado sem alerta: baixo score 0 PAC-970e84
[41m[97m ALERTA ALTO [0m paciente=PAC-b8dcd9 score=14 (era baixo)
         respiracao = 27 (3 pts)
         freq_cardiaca = 154 (3 pts)
         spo2 = 86 (3 pts)
         pressao_sistolica = 223 (3 pts)
         temperatura = 39.1 (2 pts)
[WS] alerta entregue a 0 cliente(s).
[ALERTAS] avaliado sem alerta: alto score 14 PAC-b8dcd9
[ALERTAS] avaliado sem alerta: baixo score 1 PAC-6428c0
[ALERTAS] avaliado sem alerta: baixo score 1 PAC-6428c0
[ALERTAS] avaliado sem alerta: alto score 14 PAC-b8dcd9
[ALERTAS] avaliado sem alerta: alto score 14 PAC-b8dcd9
[ALERTAS] avaliado sem alerta: baixo score 0 PAC-970e84
[ALERTAS] avaliado sem alerta: alto score 14 PAC-b8dcd9
[ALERTAS] avaliado sem alerta: alto score 14 PAC-b8dcd9
[ALERTAS] avaliado sem alerta: baixo score 0 PAC-7a93b8
[ALERTAS] avaliado sem alerta: baixo score 0 PAC-7a93b8
[ALERTAS] avaliado sem alerta: baixo score 0 PAC-7a93b8
[ALERTAS] avaliado sem alerta: baixo score 0 PAC-044223
[ALERTAS] avaliado sem alerta: baixo score 0 PAC-044223
[ALERTAS] avaliado sem alerta: baixo score 0 PAC-044223
[ALERTAS] avaliado sem alerta: baixo score 0 PAC-044223
[ALERTAS] avaliado sem alerta: baixo score 0 PAC-7a93b8
[ALERTAS] avaliado sem alerta: baixo score 0 PAC-044223
[ALERTAS] avaliado sem alerta: baixo score 0 PAC-044223
[ALERTAS] avaliado sem alerta: baixo score 0 PAC-7a93b8
[ALERTAS] avaliado sem alerta: baixo score 0 PAC-7a93b8
[43m[30m ALERTA MEDIO [0m paciente=PAC-970e84 score=3 (era baixo)
         freq_cardiaca = 147 (3 pts)
[WS] alerta entregue a 0 cliente(s).
[ALERTAS] avaliado sem alerta: medio score 6 PAC-970e84
[ALERTAS] avaliado sem alerta: medio score 6 PAC-970e84
[ALERTAS] avaliado sem alerta: baixo score 0 PAC-6428c0
[ALERTAS] avaliado sem alerta: baixo score 0 PAC-6428c0
[ALERTAS] avaliado sem alerta: baixo score 0 PAC-6428c0
[ALERTAS] avaliado sem alerta: baixo score 0 PAC-6428c0
[ALERTAS] avaliado sem alerta: baixo score 0 PAC-6428c0
[ALERTAS] avaliado sem alerta: alto score 10 PAC-b8dcd9
[41m[97m ALERTA ALTO [0m paciente=PAC-970e84 score=11 (era medio)
         spo2 = 83 (3 pts)
         freq_cardiaca = 147 (3 pts)
         respiracao = 28 (3 pts)
         temperatura = 40 (2 pts)
[WS] alerta entregue a 0 cliente(s).
[ALERTAS] avaliado sem alerta: alto score 10 PAC-b8dcd9
[ALERTAS] avaliado sem alerta: alto score 10 PAC-b8dcd9
[ALERTAS] avaliado sem alerta: alto score 11 PAC-970e84
[ALERTAS] avaliado sem alerta: alto score 10 PAC-b8dcd9
[ALERTAS] avaliado sem alerta: baixo score 0 PAC-6428c0
[ALERTAS] avaliado sem alerta: alto score 11 PAC-970e84
[ALERTAS] avaliado sem alerta: alto score 10 PAC-b8dcd9
[ALERTAS] avaliado sem alerta: alto score 10 PAC-b8dcd9
[ALERTAS] avaliado sem alerta: baixo score 0 PAC-044223
[ALERTAS] avaliado sem alerta: baixo score 0 PAC-044223
[ALERTAS] avaliado sem alerta: baixo score 0 PAC-044223
[ALERTAS] avaliado sem alerta: baixo score 0 PAC-7a93b8
[ALERTAS] avaliado sem alerta: baixo score 0 PAC-7a93b8
[ALERTAS] avaliado sem alerta: baixo score 0 PAC-7a93b8
[ALERTAS] avaliado sem alerta: baixo score 0 PAC-7a93b8
[ALERTAS] avaliado sem alerta: baixo score 0 PAC-7a93b8
[ALERTAS] avaliado sem alerta: baixo score 0 PAC-044223
[ALERTAS] avaliado sem alerta: baixo score 0 PAC-044223
[ALERTAS] avaliado sem alerta: baixo score 0 PAC-7a93b8
[ALERTAS] avaliado sem alerta: baixo score 0 PAC-044223
[ALERTAS] avaliado sem alerta: alto score 11 PAC-970e84
[ALERTAS] avaliado sem alerta: baixo score 0 PAC-6428c0
[ALERTAS] avaliado sem alerta: alto score 11 PAC-970e84
[ALERTAS] avaliado sem alerta: baixo score 0 PAC-6428c0
[ALERTAS] avaliado sem alerta: baixo score 0 PAC-6428c0
[ALERTAS] avaliado sem alerta: baixo score 0 PAC-6428c0
[ALERTAS] avaliado sem alerta: alto score 10 PAC-b8dcd9
[ALERTAS] avaliado sem alerta: alto score 10 PAC-b8dcd9
[ALERTAS] avaliado sem alerta: alto score 10 PAC-b8dcd9
[ALERTAS] avaliado sem alerta: alto score 11 PAC-970e84
[ALERTAS] avaliado sem alerta: alto score 11 PAC-970e84
[ALERTAS] avaliado sem alerta: baixo score 0 PAC-6428c0
[ALERTAS] avaliado sem alerta: alto score 11 PAC-970e84
[ALERTAS] avaliado sem alerta: alto score 10 PAC-b8dcd9
[ALERTAS] avaliado sem alerta: alto score 10 PAC-b8dcd9
[ALERTAS] avaliado sem alerta: alto score 10 PAC-b8dcd9
[ALERTAS] avaliado sem alerta: alto score 11 PAC-970e84
[ALERTAS] avaliado sem alerta: baixo score 0 PAC-6428c0
[ALERTAS] avaliado sem alerta: baixo score 0 PAC-7a93b8
[43m[30m ALERTA MEDIO [0m paciente=PAC-044223 score=3 (era baixo)
         spo2 = 85 (3 pts)
[WS] alerta entregue a 0 cliente(s).
[ALERTAS] avaliado sem alerta: baixo score 0 PAC-7a93b8
[ALERTAS] avaliado sem alerta: medio score 3 PAC-044223
[ALERTAS] avaliado sem alerta: baixo score 0 PAC-7a93b8
[ALERTAS] avaliado sem alerta: baixo score 0 PAC-7a93b8
[ALERTAS] avaliado sem alerta: baixo score 0 PAC-7a93b8
[ALERTAS] avaliado sem alerta: baixo score 0 PAC-7a93b8
[41m[97m ALERTA ALTO [0m paciente=PAC-044223 score=9 (era medio)
         spo2 = 85 (3 pts)
         respiracao = 31 (3 pts)
         freq_cardiaca = 154 (3 pts)
[WS] alerta entregue a 0 cliente(s).
[ALERTAS] avaliado sem alerta: alto score 9 PAC-044223
[ALERTAS] avaliado sem alerta: medio score 3 PAC-044223
[41m[97m ALERTA ALTO [0m paciente=PAC-044223 score=11 (era medio)
         spo2 = 85 (3 pts)
         freq_cardiaca = 154 (3 pts)
         respiracao = 31 (3 pts)
         temperatura = 39.7 (2 pts)
[WS] alerta entregue a 0 cliente(s).
[ALERTAS] avaliado sem alerta: alto score 11 PAC-970e84
[ALERTAS] avaliado sem alerta: alto score 11 PAC-970e84
[43m[30m ALERTA MEDIO [0m paciente=PAC-6428c0 score=6 (era baixo)
         freq_cardiaca = 152 (3 pts)
         spo2 = 81 (3 pts)
[WS] alerta entregue a 0 cliente(s).
[ALERTAS] avaliado sem alerta: medio score 6 PAC-6428c0
[ALERTAS] avaliado sem alerta: alto score 11 PAC-970e84
[ALERTAS] avaliado sem alerta: alto score 11 PAC-970e84
[ALERTAS] avaliado sem alerta: alto score 11 PAC-970e84
[41m[97m ALERTA ALTO [0m paciente=PAC-6428c0 score=11 (era medio)
         spo2 = 81 (3 pts)
         pressao_sistolica = 220 (3 pts)
         freq_cardiaca = 152 (3 pts)
         temperatura = 39.1 (2 pts)
[WS] alerta entregue a 0 cliente(s).
[ALERTAS] avaliado sem alerta: alto score 13 PAC-b8dcd9
[ALERTAS] avaliado sem alerta: alto score 13 PAC-b8dcd9
[ALERTAS] avaliado sem alerta: alto score 11 PAC-970e84
[ALERTAS] avaliado sem alerta: alto score 13 PAC-b8dcd9
[ALERTAS] avaliado sem alerta: alto score 11 PAC-6428c0
[ALERTAS] avaliado sem alerta: alto score 14 PAC-6428c0
[ALERTAS] avaliado sem alerta: alto score 14 PAC-b8dcd9
[ALERTAS] avaliado sem alerta: alto score 14 PAC-b8dcd9
[ALERTAS] avaliado sem alerta: alto score 14 PAC-b8dcd9
[ALERTAS] avaliado sem alerta: alto score 14 PAC-6428c0
[ALERTAS] avaliado sem alerta: baixo score 0 PAC-7a93b8
[ALERTAS] avaliado sem alerta: baixo score 0 PAC-7a93b8
[ALERTAS] avaliado sem alerta: baixo score 0 PAC-7a93b8
[ALERTAS] avaliado sem alerta: alto score 14 PAC-044223
[ALERTAS] avaliado sem alerta: alto score 14 PAC-044223
[ALERTAS] avaliado sem alerta: alto score 14 PAC-044223
[ALERTAS] avaliado sem alerta: baixo score 0 PAC-7a93b8
[ALERTAS] avaliado sem alerta: alto score 14 PAC-044223
[ALERTAS] avaliado sem alerta: baixo score 0 PAC-7a93b8
[ALERTAS] avaliado sem alerta: baixo score 0 PAC-7a93b8
[ALERTAS] avaliado sem alerta: alto score 14 PAC-044223
[ALERTAS] avaliado sem alerta: alto score 14 PAC-044223
[ALERTAS] avaliado sem alerta: alto score 14 PAC-970e84
[ALERTAS] avaliado sem alerta: alto score 14 PAC-970e84
[ALERTAS] avaliado sem alerta: alto score 11 PAC-970e84
[ALERTAS] avaliado sem alerta: alto score 14 PAC-970e84
[ALERTAS] avaliado sem alerta: alto score 14 PAC-6428c0
[ALERTAS] avaliado sem alerta: alto score 14 PAC-970e84
[ALERTAS] avaliado sem alerta: alto score 14 PAC-b8dcd9
[ALERTAS] avaliado sem alerta: alto score 14 PAC-970e84
[ALERTAS] avaliado sem alerta: alto score 14 PAC-6428c0
[ALERTAS] avaliado sem alerta: alto score 14 PAC-b8dcd9
[ALERTAS] avaliado sem alerta: alto score 14 PAC-6428c0
[ALERTAS] avaliado sem alerta: alto score 14 PAC-6428c0
[ALERTAS] avaliado sem alerta: alto score 14 PAC-b8dcd9
[ALERTAS] avaliado sem alerta: alto score 14 PAC-6428c0
[ALERTAS] avaliado sem alerta: alto score 14 PAC-b8dcd9
[ALERTAS] avaliado sem alerta: alto score 14 PAC-6428c0
[ALERTAS] avaliado sem alerta: alto score 14 PAC-b8dcd9
[ALERTAS] avaliado sem alerta: baixo score 0 PAC-7a93b8
[ALERTAS] avaliado sem alerta: baixo score 0 PAC-7a93b8
[ALERTAS] avaliado sem alerta: alto score 14 PAC-b8dcd9
[ALERTAS] avaliado sem alerta: baixo score 0 PAC-7a93b8
[ALERTAS] avaliado sem alerta: alto score 14 PAC-044223
[ALERTAS] avaliado sem alerta: baixo score 0 PAC-7a93b8
[ALERTAS] avaliado sem alerta: alto score 14 PAC-044223
[ALERTAS] avaliado sem alerta: alto score 14 PAC-044223
[ALERTAS] avaliado sem alerta: alto score 14 PAC-044223
[ALERTAS] avaliado sem alerta: baixo score 0 PAC-7a93b8
[ALERTAS] avaliado sem alerta: baixo score 0 PAC-7a93b8
[ALERTAS] avaliado sem alerta: alto score 14 PAC-044223
[ALERTAS] avaliado sem alerta: alto score 14 PAC-044223
[ALERTAS] avaliado sem alerta: alto score 11 PAC-970e84
[ALERTAS] avaliado sem alerta: alto score 11 PAC-970e84
[ALERTAS] avaliado sem alerta: alto score 11 PAC-970e84
[ALERTAS] avaliado sem alerta: alto score 11 PAC-6428c0
[ALERTAS] avaliado sem alerta: alto score 11 PAC-970e84
[ALERTAS] avaliado sem alerta: alto score 11 PAC-970e84
[ALERTAS] avaliado sem alerta: alto score 11 PAC-6428c0
[ALERTAS] avaliado sem alerta: alto score 11 PAC-6428c0
[ALERTAS] avaliado sem alerta: alto score 11 PAC-6428c0
[ALERTAS] avaliado sem alerta: baixo score 2 PAC-b8dcd9
[ALERTAS] avaliado sem alerta: alto score 11 PAC-970e84
[ALERTAS] avaliado sem alerta: baixo score 0 PAC-b8dcd9
[ALERTAS] avaliado sem alerta: alto score 11 PAC-6428c0
[ALERTAS] avaliado sem alerta: baixo score 0 PAC-b8dcd9
[ALERTAS] avaliado sem alerta: baixo score 0 PAC-b8dcd9
[ALERTAS] avaliado sem alerta: alto score 11 PAC-6428c0
[ALERTAS] avaliado sem alerta: baixo score 1 PAC-7a93b8
[ALERTAS] avaliado sem alerta: baixo score 1 PAC-7a93b8
[ALERTAS] avaliado sem alerta: baixo score 1 PAC-7a93b8
[ALERTAS] avaliado sem alerta: baixo score 1 PAC-7a93b8
[ALERTAS] avaliado sem alerta: baixo score 0 PAC-b8dcd9
[ALERTAS] avaliado sem alerta: alto score 14 PAC-044223
[ALERTAS] avaliado sem alerta: baixo score 0 PAC-b8dcd9
[ALERTAS] avaliado sem alerta: alto score 14 PAC-044223
[ALERTAS] avaliado sem alerta: baixo score 1 PAC-7a93b8
[ALERTAS] avaliado sem alerta: baixo score 1 PAC-7a93b8
[ALERTAS] avaliado sem alerta: alto score 14 PAC-044223
[ALERTAS] avaliado sem alerta: alto score 14 PAC-044223
[ALERTAS] avaliado sem alerta: alto score 14 PAC-044223
[ALERTAS] avaliado sem alerta: alto score 14 PAC-044223
[ALERTAS] avaliado sem alerta: alto score 8 PAC-970e84
[ALERTAS] avaliado sem alerta: medio score 5 PAC-970e84
[ALERTAS] avaliado sem alerta: medio score 5 PAC-970e84
[ALERTAS] avaliado sem alerta: alto score 11 PAC-6428c0
[ALERTAS] avaliado sem alerta: baixo score 0 PAC-970e84
[ALERTAS] avaliado sem alerta: alto score 11 PAC-6428c0
[ALERTAS] avaliado sem alerta: baixo score 0 PAC-970e84
[ALERTAS] avaliado sem alerta: alto score 11 PAC-6428c0
[ALERTAS] avaliado sem alerta: baixo score 0 PAC-b8dcd9
[ALERTAS] avaliado sem alerta: alto score 11 PAC-6428c0
[ALERTAS] avaliado sem alerta: baixo score 0 PAC-970e84
[ALERTAS] avaliado sem alerta: baixo score 0 PAC-b8dcd9
[ALERTAS] avaliado sem alerta: alto score 11 PAC-6428c0
[ALERTAS] avaliado sem alerta: baixo score 0 PAC-b8dcd9
[ALERTAS] avaliado sem alerta: alto score 11 PAC-6428c0
[ALERTAS] avaliado sem alerta: baixo score 0 PAC-b8dcd9
[ALERTAS] avaliado sem alerta: baixo score 1 PAC-7a93b8
[ALERTAS] avaliado sem alerta: baixo score 0 PAC-b8dcd9
[ALERTAS] avaliado sem alerta: baixo score 0 PAC-7a93b8
[ALERTAS] avaliado sem alerta: alto score 14 PAC-044223
[ALERTAS] avaliado sem alerta: baixo score 0 PAC-7a93b8
[ALERTAS] avaliado sem alerta: baixo score 0 PAC-7a93b8
[ALERTAS] avaliado sem alerta: baixo score 0 PAC-7a93b8
[ALERTAS] avaliado sem alerta: baixo score 0 PAC-7a93b8
[ALERTAS] avaliado sem alerta: baixo score 0 PAC-b8dcd9
[ALERTAS] avaliado sem alerta: alto score 14 PAC-044223
[ALERTAS] avaliado sem alerta: alto score 14 PAC-044223
[ALERTAS] avaliado sem alerta: alto score 14 PAC-044223
[ALERTAS] avaliado sem alerta: alto score 14 PAC-044223
[ALERTAS] avaliado sem alerta: alto score 14 PAC-044223
[ALERTAS] avaliado sem alerta: baixo score 0 PAC-970e84
[ALERTAS] avaliado sem alerta: baixo score 0 PAC-970e84
[ALERTAS] avaliado sem alerta: baixo score 0 PAC-970e84
[ALERTAS] avaliado sem alerta: baixo score 0 PAC-970e84
[ALERTAS] avaliado sem alerta: baixo score 0 PAC-970e84
[ALERTAS] avaliado sem alerta: baixo score 0 PAC-970e84
[ALERTAS] avaliado sem alerta: alto score 11 PAC-6428c0
[ALERTAS] avaliado sem alerta: alto score 11 PAC-6428c0
[ALERTAS] avaliado sem alerta: baixo score 0 PAC-b8dcd9
[ALERTAS] avaliado sem alerta: alto score 11 PAC-6428c0
[ALERTAS] avaliado sem alerta: alto score 11 PAC-6428c0
[ALERTAS] avaliado sem alerta: alto score 11 PAC-6428c0
[ALERTAS] avaliado sem alerta: baixo score 0 PAC-b8dcd9
[ALERTAS] avaliado sem alerta: baixo score 0 PAC-b8dcd9
[ALERTAS] avaliado sem alerta: baixo score 0 PAC-b8dcd9
[ALERTAS] avaliado sem alerta: alto score 11 PAC-6428c0
[ALERTAS] avaliado sem alerta: baixo score 0 PAC-7a93b8
[ALERTAS] avaliado sem alerta: baixo score 0 PAC-b8dcd9
[ALERTAS] avaliado sem alerta: baixo score 0 PAC-7a93b8
[ALERTAS] avaliado sem alerta: baixo score 0 PAC-b8dcd9
[ALERTAS] avaliado sem alerta: alto score 8 PAC-044223
[ALERTAS] avaliado sem alerta: alto score 14 PAC-044223
[ALERTAS] avaliado sem alerta: baixo score 1 PAC-7a93b8
[ALERTAS] avaliado sem alerta: medio score 5 PAC-044223
[ALERTAS] avaliado sem alerta: medio score 5 PAC-044223
[ALERTAS] avaliado sem alerta: baixo score 1 PAC-7a93b8
[ALERTAS] avaliado sem alerta: medio score 5 PAC-044223
[ALERTAS] avaliado sem alerta: baixo score 1 PAC-7a93b8
[ALERTAS] avaliado sem alerta: medio score 5 PAC-044223
[ALERTAS] avaliado sem alerta: baixo score 1 PAC-7a93b8
[ALERTAS] avaliado sem alerta: baixo score 0 PAC-970e84
[ALERTAS] avaliado sem alerta: baixo score 0 PAC-970e84
[ALERTAS] avaliado sem alerta: baixo score 0 PAC-970e84
[ALERTAS] avaliado sem alerta: alto score 8 PAC-6428c0
[ALERTAS] avaliado sem alerta: medio score 5 PAC-6428c0
[ALERTAS] avaliado sem alerta: baixo score 0 PAC-970e84
[ALERTAS] avaliado sem alerta: baixo score 0 PAC-970e84
[ALERTAS] avaliado sem alerta: baixo score 0 PAC-970e84
[ALERTAS] avaliado sem alerta: medio score 5 PAC-6428c0
[ALERTAS] avaliado sem alerta: baixo score 0 PAC-6428c0
[ALERTAS] avaliado sem alerta: baixo score 0 PAC-b8dcd9
[ALERTAS] avaliado sem alerta: baixo score 0 PAC-b8dcd9
[ALERTAS] avaliado sem alerta: baixo score 1 PAC-7a93b8
[ALERTAS] avaliado sem alerta: baixo score 0 PAC-6428c0
[ALERTAS] avaliado sem alerta: baixo score 0 PAC-b8dcd9
[ALERTAS] avaliado sem alerta: baixo score 0 PAC-6428c0
[ALERTAS] avaliado sem alerta: baixo score 0 PAC-b8dcd9
[ALERTAS] avaliado sem alerta: baixo score 1 PAC-7a93b8
[ALERTAS] avaliado sem alerta: baixo score 0 PAC-b8dcd9
[ALERTAS] avaliado sem alerta: baixo score 1 PAC-7a93b8
[ALERTAS] avaliado sem alerta: baixo score 1 PAC-7a93b8
[ALERTAS] avaliado sem alerta: baixo score 1 PAC-7a93b8
[ALERTAS] avaliado sem alerta: baixo score 0 PAC-b8dcd9
[ALERTAS] avaliado sem alerta: baixo score 0 PAC-044223
[ALERTAS] avaliado sem alerta: baixo score 0 PAC-044223
[ALERTAS] avaliado sem alerta: baixo score 0 PAC-044223
[ALERTAS] avaliado sem alerta: baixo score 0 PAC-044223
[ALERTAS] avaliado sem alerta: baixo score 0 PAC-044223
[ALERTAS] avaliado sem alerta: baixo score 0 PAC-044223
[ALERTAS] avaliado sem alerta: baixo score 1 PAC-7a93b8
[ALERTAS] avaliado sem alerta: baixo score 0 PAC-970e84
[ALERTAS] avaliado sem alerta: baixo score 0 PAC-970e84
[ALERTAS] avaliado sem alerta: baixo score 0 PAC-6428c0
[ALERTAS] avaliado sem alerta: baixo score 0 PAC-970e84
[ALERTAS] avaliado sem alerta: baixo score 0 PAC-970e84
[ALERTAS] avaliado sem alerta: baixo score 0 PAC-970e84
[ALERTAS] avaliado sem alerta: baixo score 0 PAC-970e84
[ALERTAS] avaliado sem alerta: baixo score 1 PAC-6428c0
[ALERTAS] avaliado sem alerta: baixo score 1 PAC-6428c0
[ALERTAS] avaliado sem alerta: baixo score 0 PAC-b8dcd9
[ALERTAS] avaliado sem alerta: baixo score 0 PAC-b8dcd9
[ALERTAS] avaliado sem alerta: baixo score 1 PAC-6428c0
[ALERTAS] avaliado sem alerta: baixo score 0 PAC-b8dcd9
[ALERTAS] avaliado sem alerta: baixo score 1 PAC-6428c0
[ALERTAS] avaliado sem alerta: baixo score 0 PAC-b8dcd9
[ALERTAS] avaliado sem alerta: baixo score 1 PAC-6428c0
[ALERTAS] avaliado sem alerta: baixo score 0 PAC-b8dcd9
[ALERTAS] avaliado sem alerta: baixo score 1 PAC-7a93b8
[ALERTAS] avaliado sem alerta: baixo score 1 PAC-7a93b8
[ALERTAS] avaliado sem alerta: baixo score 1 PAC-7a93b8
[ALERTAS] avaliado sem alerta: baixo score 1 PAC-7a93b8
[ALERTAS] avaliado sem alerta: baixo score 0 PAC-b8dcd9
[ALERTAS] avaliado sem alerta: baixo score 0 PAC-7a93b8
[ALERTAS] avaliado sem alerta: baixo score 0 PAC-044223
[ALERTAS] avaliado sem alerta: baixo score 1 PAC-7a93b8
[ALERTAS] avaliado sem alerta: baixo score 0 PAC-044223
[ALERTAS] avaliado sem alerta: baixo score 0 PAC-044223
[ALERTAS] avaliado sem alerta: baixo score 0 PAC-044223
[ALERTAS] avaliado sem alerta: baixo score 0 PAC-044223
[ALERTAS] avaliado sem alerta: baixo score 0 PAC-044223
